[04-Oct-2018 17:53:11 UTC] PHP Parse error:  syntax error, unexpected end of file in /home/ubuntu/workspace/cst352/practice/zodiac/zodiac.php on line 32
[04-Oct-2018 17:54:13 UTC] PHP Parse error:  syntax error, unexpected end of file in /home/ubuntu/workspace/cst352/practice/zodiac/zodiac.php on line 35
[04-Oct-2018 17:56:09 UTC] PHP Parse error:  syntax error, unexpected '%' in /home/ubuntu/workspace/cst352/practice/zodiac/zodiac.php on line 10
[04-Oct-2018 18:24:15 UTC] PHP Parse error:  syntax error, unexpected '=' in /home/ubuntu/workspace/cst352/practice/zodiac/zodiac.php on line 43
[04-Oct-2018 18:31:27 UTC] PHP Warning:  Missing argument 1 for years(), called in /home/ubuntu/workspace/cst352/practice/zodiac/zodiac.php on line 40 and defined in /home/ubuntu/workspace/cst352/practice/zodiac/zodiac.php on line 2
[04-Oct-2018 18:31:27 UTC] PHP Stack trace:
[04-Oct-2018 18:31:27 UTC] PHP   1. {main}() /home/ubuntu/workspace/cst352/practice/zodiac/zodiac.php:0
[04-Oct-2018 18:31:27 UTC] PHP   2. years() /home/ubuntu/workspace/cst352/practice/zodiac/zodiac.php:40
[04-Oct-2018 18:31:27 UTC] PHP Warning:  Missing argument 2 for years(), called in /home/ubuntu/workspace/cst352/practice/zodiac/zodiac.php on line 40 and defined in /home/ubuntu/workspace/cst352/practice/zodiac/zodiac.php on line 2
[04-Oct-2018 18:31:27 UTC] PHP Stack trace:
[04-Oct-2018 18:31:27 UTC] PHP   1. {main}() /home/ubuntu/workspace/cst352/practice/zodiac/zodiac.php:0
[04-Oct-2018 18:31:27 UTC] PHP   2. years() /home/ubuntu/workspace/cst352/practice/zodiac/zodiac.php:40
[04-Oct-2018 18:31:28 UTC] PHP Warning:  Missing argument 1 for years(), called in /home/ubuntu/workspace/cst352/practice/zodiac/zodiac.php on line 40 and defined in /home/ubuntu/workspace/cst352/practice/zodiac/zodiac.php on line 2
[04-Oct-2018 18:31:28 UTC] PHP Stack trace:
[04-Oct-2018 18:31:28 UTC] PHP   1. {main}() /home/ubuntu/workspace/cst352/practice/zodiac/zodiac.php:0
[04-Oct-2018 18:31:28 UTC] PHP   2. years() /home/ubuntu/workspace/cst352/practice/zodiac/zodiac.php:40
[04-Oct-2018 18:31:28 UTC] PHP Warning:  Missing argument 2 for years(), called in /home/ubuntu/workspace/cst352/practice/zodiac/zodiac.php on line 40 and defined in /home/ubuntu/workspace/cst352/practice/zodiac/zodiac.php on line 2
[04-Oct-2018 18:31:28 UTC] PHP Stack trace:
[04-Oct-2018 18:31:28 UTC] PHP   1. {main}() /home/ubuntu/workspace/cst352/practice/zodiac/zodiac.php:0
[04-Oct-2018 18:31:28 UTC] PHP   2. years() /home/ubuntu/workspace/cst352/practice/zodiac/zodiac.php:40
