[22-Sep-2018 17:43:59 UTC] PHP Warning:  Missing argument 1 for displayBackground(), called in /home/ubuntu/workspace/cst352/hw/hw2/hw2.php on line 86 and defined in /home/ubuntu/workspace/cst352/hw/hw2/hw2.php on line 39
[22-Sep-2018 17:43:59 UTC] PHP Stack trace:
[22-Sep-2018 17:43:59 UTC] PHP   1. {main}() /home/ubuntu/workspace/cst352/hw/hw2/hw2.php:0
[22-Sep-2018 17:43:59 UTC] PHP   2. displayBackground() /home/ubuntu/workspace/cst352/hw/hw2/hw2.php:86
[22-Sep-2018 17:43:59 UTC] PHP Warning:  scandir(): Directory name cannot be empty in /home/ubuntu/workspace/cst352/hw/hw2/hw2.php on line 42
[22-Sep-2018 17:43:59 UTC] PHP Stack trace:
[22-Sep-2018 17:43:59 UTC] PHP   1. {main}() /home/ubuntu/workspace/cst352/hw/hw2/hw2.php:0
[22-Sep-2018 17:43:59 UTC] PHP   2. displayBackground() /home/ubuntu/workspace/cst352/hw/hw2/hw2.php:86
[22-Sep-2018 17:43:59 UTC] PHP   3. scandir() /home/ubuntu/workspace/cst352/hw/hw2/hw2.php:42
[22-Sep-2018 17:43:59 UTC] PHP Warning:  Invalid argument supplied for foreach() in /home/ubuntu/workspace/cst352/hw/hw2/hw2.php on line 43
[22-Sep-2018 17:43:59 UTC] PHP Stack trace:
[22-Sep-2018 17:43:59 UTC] PHP   1. {main}() /home/ubuntu/workspace/cst352/hw/hw2/hw2.php:0
[22-Sep-2018 17:43:59 UTC] PHP   2. displayBackground() /home/ubuntu/workspace/cst352/hw/hw2/hw2.php:86
[22-Sep-2018 17:44:18 UTC] PHP Warning:  Missing argument 1 for displayBackground(), called in /home/ubuntu/workspace/cst352/hw/hw2/hw2.php on line 86 and defined in /home/ubuntu/workspace/cst352/hw/hw2/hw2.php on line 39
[22-Sep-2018 17:44:18 UTC] PHP Stack trace:
[22-Sep-2018 17:44:18 UTC] PHP   1. {main}() /home/ubuntu/workspace/cst352/hw/hw2/hw2.php:0
[22-Sep-2018 17:44:18 UTC] PHP   2. displayBackground() /home/ubuntu/workspace/cst352/hw/hw2/hw2.php:86
[22-Sep-2018 17:44:18 UTC] PHP Warning:  scandir(): Directory name cannot be empty in /home/ubuntu/workspace/cst352/hw/hw2/hw2.php on line 42
[22-Sep-2018 17:44:18 UTC] PHP Stack trace:
[22-Sep-2018 17:44:18 UTC] PHP   1. {main}() /home/ubuntu/workspace/cst352/hw/hw2/hw2.php:0
[22-Sep-2018 17:44:18 UTC] PHP   2. displayBackground() /home/ubuntu/workspace/cst352/hw/hw2/hw2.php:86
[22-Sep-2018 17:44:18 UTC] PHP   3. scandir() /home/ubuntu/workspace/cst352/hw/hw2/hw2.php:42
[22-Sep-2018 17:44:18 UTC] PHP Warning:  Invalid argument supplied for foreach() in /home/ubuntu/workspace/cst352/hw/hw2/hw2.php on line 43
[22-Sep-2018 17:44:18 UTC] PHP Stack trace:
[22-Sep-2018 17:44:18 UTC] PHP   1. {main}() /home/ubuntu/workspace/cst352/hw/hw2/hw2.php:0
[22-Sep-2018 17:44:18 UTC] PHP   2. displayBackground() /home/ubuntu/workspace/cst352/hw/hw2/hw2.php:86
[22-Sep-2018 17:45:13 UTC] PHP Warning:  Missing argument 1 for displayBackground(), called in /home/ubuntu/workspace/cst352/hw/hw2/hw2.php on line 62 and defined in /home/ubuntu/workspace/cst352/hw/hw2/hw2.php on line 13
[22-Sep-2018 17:45:13 UTC] PHP Stack trace:
[22-Sep-2018 17:45:13 UTC] PHP   1. {main}() /home/ubuntu/workspace/cst352/hw/hw2/hw2.php:0
[22-Sep-2018 17:45:13 UTC] PHP   2. displayBackground() /home/ubuntu/workspace/cst352/hw/hw2/hw2.php:62
[22-Sep-2018 17:45:13 UTC] PHP Warning:  scandir(): Directory name cannot be empty in /home/ubuntu/workspace/cst352/hw/hw2/hw2.php on line 16
[22-Sep-2018 17:45:13 UTC] PHP Stack trace:
[22-Sep-2018 17:45:13 UTC] PHP   1. {main}() /home/ubuntu/workspace/cst352/hw/hw2/hw2.php:0
[22-Sep-2018 17:45:13 UTC] PHP   2. displayBackground() /home/ubuntu/workspace/cst352/hw/hw2/hw2.php:62
[22-Sep-2018 17:45:13 UTC] PHP   3. scandir() /home/ubuntu/workspace/cst352/hw/hw2/hw2.php:16
[22-Sep-2018 17:45:13 UTC] PHP Warning:  Invalid argument supplied for foreach() in /home/ubuntu/workspace/cst352/hw/hw2/hw2.php on line 17
[22-Sep-2018 17:45:13 UTC] PHP Stack trace:
[22-Sep-2018 17:45:13 UTC] PHP   1. {main}() /home/ubuntu/workspace/cst352/hw/hw2/hw2.php:0
[22-Sep-2018 17:45:13 UTC] PHP   2. displayBackground() /home/ubuntu/workspace/cst352/hw/hw2/hw2.php:62
[24-Sep-2018 15:12:57 UTC] PHP Parse error:  syntax error, unexpected end of file in /home/ubuntu/workspace/cst352/hw/hw2/hw2.php on line 39
[24-Sep-2018 16:42:15 UTC] PHP Warning:  rand() expects exactly 2 parameters, 1 given in /home/ubuntu/workspace/cst352/hw/hw2/hw2.php on line 15
[24-Sep-2018 16:42:15 UTC] PHP Stack trace:
[24-Sep-2018 16:42:15 UTC] PHP   1. {main}() /home/ubuntu/workspace/cst352/hw/hw2/hw2.php:0
[24-Sep-2018 16:42:15 UTC] PHP   2. trio() /home/ubuntu/workspace/cst352/hw/hw2/hw2.php:49
[24-Sep-2018 16:42:15 UTC] PHP   3. rand() /home/ubuntu/workspace/cst352/hw/hw2/hw2.php:15
[24-Sep-2018 16:42:53 UTC] PHP Parse error:  syntax error, unexpected '{' in /home/ubuntu/workspace/cst352/hw/hw2/hw2.php on line 15
[24-Sep-2018 16:42:55 UTC] PHP Parse error:  syntax error, unexpected '{' in /home/ubuntu/workspace/cst352/hw/hw2/hw2.php on line 15
[24-Sep-2018 16:43:08 UTC] PHP Parse error:  syntax error, unexpected '{' in /home/ubuntu/workspace/cst352/hw/hw2/hw2.php on line 15
[24-Sep-2018 20:45:47 UTC] PHP Parse error:  syntax error, unexpected 'png' (T_STRING) in /home/ubuntu/workspace/cst352/hw/hw2/hw2.php on line 21
[24-Sep-2018 22:30:25 UTC] PHP Parse error:  syntax error, unexpected end of file in /home/ubuntu/workspace/cst352/hw/hw2/hw2.php on line 50
[24-Sep-2018 22:30:27 UTC] PHP Parse error:  syntax error, unexpected end of file in /home/ubuntu/workspace/cst352/hw/hw2/hw2.php on line 50
[25-Sep-2018 00:44:26 UTC] PHP Warning:  Missing argument 1 for housePoints(), called in /home/ubuntu/workspace/cst352/hw/hw2/hw2.php on line 50 and defined in /home/ubuntu/workspace/cst352/hw/hw2/hw2.php on line 26
[25-Sep-2018 00:44:26 UTC] PHP Stack trace:
[25-Sep-2018 00:44:26 UTC] PHP   1. {main}() /home/ubuntu/workspace/cst352/hw/hw2/hw2.php:0
[25-Sep-2018 00:44:26 UTC] PHP   2. housePoints() /home/ubuntu/workspace/cst352/hw/hw2/hw2.php:50
[25-Sep-2018 04:26:57 UTC] PHP Parse error:  syntax error, unexpected '$character' (T_VARIABLE) in /home/ubuntu/workspace/cst352/hw/hw2/hw2.php on line 23
[25-Sep-2018 04:27:25 UTC] PHP Fatal error:  Call to undefined function trio() in /home/ubuntu/workspace/cst352/hw/hw2/hw2.php on line 58
[25-Sep-2018 04:27:25 UTC] PHP Stack trace:
[25-Sep-2018 04:27:25 UTC] PHP   1. {main}() /home/ubuntu/workspace/cst352/hw/hw2/hw2.php:0
[25-Sep-2018 04:27:32 UTC] PHP Fatal error:  Call to undefined function trio() in /home/ubuntu/workspace/cst352/hw/hw2/hw2.php on line 58
[25-Sep-2018 04:27:32 UTC] PHP Stack trace:
[25-Sep-2018 04:27:32 UTC] PHP   1. {main}() /home/ubuntu/workspace/cst352/hw/hw2/hw2.php:0
[25-Sep-2018 04:51:38 UTC] PHP Parse error:  syntax error, unexpected '/' in /home/ubuntu/workspace/cst352/hw/hw2/hw2.php on line 9
[25-Sep-2018 05:15:21 UTC] PHP Parse error:  syntax error, unexpected '>' in /home/ubuntu/workspace/cst352/hw/hw2/hw2.php on line 28
[25-Sep-2018 05:19:55 UTC] PHP Parse error:  syntax error, unexpected '/' in /home/ubuntu/workspace/cst352/hw/hw2/hw2.php on line 10
[25-Sep-2018 05:31:14 UTC] PHP Warning:  Invalid argument supplied for foreach() in /home/ubuntu/workspace/cst352/hw/hw2/hw2.php on line 26
[25-Sep-2018 05:31:14 UTC] PHP Stack trace:
[25-Sep-2018 05:31:14 UTC] PHP   1. {main}() /home/ubuntu/workspace/cst352/hw/hw2/hw2.php:0
[25-Sep-2018 05:31:14 UTC] PHP   2. housePoints() /home/ubuntu/workspace/cst352/hw/hw2/hw2.php:53
[25-Sep-2018 05:31:29 UTC] PHP Warning:  Invalid argument supplied for foreach() in /home/ubuntu/workspace/cst352/hw/hw2/hw2.php on line 27
[25-Sep-2018 05:31:29 UTC] PHP Stack trace:
[25-Sep-2018 05:31:29 UTC] PHP   1. {main}() /home/ubuntu/workspace/cst352/hw/hw2/hw2.php:0
[25-Sep-2018 05:31:29 UTC] PHP   2. housePoints() /home/ubuntu/workspace/cst352/hw/hw2/hw2.php:54
[25-Sep-2018 05:31:30 UTC] PHP Warning:  Invalid argument supplied for foreach() in /home/ubuntu/workspace/cst352/hw/hw2/hw2.php on line 27
[25-Sep-2018 05:31:30 UTC] PHP Stack trace:
[25-Sep-2018 05:31:30 UTC] PHP   1. {main}() /home/ubuntu/workspace/cst352/hw/hw2/hw2.php:0
[25-Sep-2018 05:31:30 UTC] PHP   2. housePoints() /home/ubuntu/workspace/cst352/hw/hw2/hw2.php:54
[25-Sep-2018 05:31:48 UTC] PHP Parse error:  syntax error, unexpected ')' in /home/ubuntu/workspace/cst352/hw/hw2/hw2.php on line 27
[25-Sep-2018 05:32:02 UTC] PHP Parse error:  syntax error, unexpected '}' in /home/ubuntu/workspace/cst352/hw/hw2/hw2.php on line 29
[25-Sep-2018 05:32:06 UTC] PHP Parse error:  syntax error, unexpected '}' in /home/ubuntu/workspace/cst352/hw/hw2/hw2.php on line 29
[25-Sep-2018 05:32:13 UTC] PHP Parse error:  syntax error, unexpected '}' in /home/ubuntu/workspace/cst352/hw/hw2/hw2.php on line 29
[25-Sep-2018 05:32:14 UTC] PHP Parse error:  syntax error, unexpected '}' in /home/ubuntu/workspace/cst352/hw/hw2/hw2.php on line 29
