[15-Dec-2018 19:28:28 UTC] PHP Fatal error:  Call to a member function fetch() on a non-object in /home/ubuntu/workspace/cst352/final/practice/admin.php on line 4
[15-Dec-2018 19:28:28 UTC] PHP Stack trace:
[15-Dec-2018 19:28:28 UTC] PHP   1. {main}() /home/ubuntu/workspace/cst352/final/practice/admin.php:0
[15-Dec-2018 19:28:49 UTC] PHP Fatal error:  Call to undefined function loginStatus() in /home/ubuntu/workspace/cst352/final/practice/admin.php on line 39
[15-Dec-2018 19:28:49 UTC] PHP Stack trace:
[15-Dec-2018 19:28:49 UTC] PHP   1. {main}() /home/ubuntu/workspace/cst352/final/practice/admin.php:0
[15-Dec-2018 19:29:40 UTC] PHP Fatal error:  Call to a member function fetch() on a non-object in /home/ubuntu/workspace/cst352/final/practice/admin.php on line 6
[15-Dec-2018 19:29:40 UTC] PHP Stack trace:
[15-Dec-2018 19:29:40 UTC] PHP   1. {main}() /home/ubuntu/workspace/cst352/final/practice/admin.php:0
[15-Dec-2018 19:29:40 UTC] PHP   2. displayStatus() /home/ubuntu/workspace/cst352/final/practice/admin.php:39
[15-Dec-2018 22:43:51 UTC] PHP Fatal error:  Call to a member function fetch() on a non-object in /home/ubuntu/workspace/cst352/final/practice/welcome.php on line 6
[15-Dec-2018 22:43:51 UTC] PHP Stack trace:
[15-Dec-2018 22:43:51 UTC] PHP   1. {main}() /home/ubuntu/workspace/cst352/final/practice/welcome.php:0
[15-Dec-2018 22:43:51 UTC] PHP   2. displayStatus() /home/ubuntu/workspace/cst352/final/practice/welcome.php:44
[15-Dec-2018 22:54:47 UTC] PHP Parse error:  syntax error, unexpected 'else' (T_ELSE) in /home/ubuntu/workspace/cst352/final/practice/welcome.php on line 21
[15-Dec-2018 22:56:20 UTC] PHP Fatal error:  Uncaught exception 'PDOException' with message 'SQLSTATE[HY093]: Invalid parameter number: no parameters were bound' in /home/ubuntu/workspace/cst352/final/practice/welcome.php:13
Stack trace:
#0 /home/ubuntu/workspace/cst352/final/practice/welcome.php(13): PDOStatement->execute()
#1 /home/ubuntu/workspace/cst352/final/practice/welcome.php(48): displayTime()
#2 {main}
  thrown in /home/ubuntu/workspace/cst352/final/practice/welcome.php on line 13
[15-Dec-2018 22:56:46 UTC] PHP Fatal error:  Uncaught exception 'PDOException' with message 'SQLSTATE[HY093]: Invalid parameter number: no parameters were bound' in /home/ubuntu/workspace/cst352/final/practice/welcome.php:13
Stack trace:
#0 /home/ubuntu/workspace/cst352/final/practice/welcome.php(13): PDOStatement->execute()
#1 /home/ubuntu/workspace/cst352/final/practice/welcome.php(48): displayTime()
#2 {main}
  thrown in /home/ubuntu/workspace/cst352/final/practice/welcome.php on line 13
[15-Dec-2018 22:57:33 UTC] PHP Fatal error:  Uncaught exception 'PDOException' with message 'SQLSTATE[HY093]: Invalid parameter number: no parameters were bound' in /home/ubuntu/workspace/cst352/final/practice/welcome.php:13
Stack trace:
#0 /home/ubuntu/workspace/cst352/final/practice/welcome.php(13): PDOStatement->execute()
#1 /home/ubuntu/workspace/cst352/final/practice/welcome.php(48): displayTime()
#2 {main}
  thrown in /home/ubuntu/workspace/cst352/final/practice/welcome.php on line 13
[15-Dec-2018 22:59:05 UTC] PHP Fatal error:  Uncaught exception 'PDOException' with message 'SQLSTATE[HY093]: Invalid parameter number: no parameters were bound' in /home/ubuntu/workspace/cst352/final/practice/welcome.php:13
Stack trace:
#0 /home/ubuntu/workspace/cst352/final/practice/welcome.php(13): PDOStatement->execute()
#1 /home/ubuntu/workspace/cst352/final/practice/welcome.php(48): displayTime()
#2 {main}
  thrown in /home/ubuntu/workspace/cst352/final/practice/welcome.php on line 13
[15-Dec-2018 23:00:11 UTC] PHP Fatal error:  Uncaught exception 'PDOException' with message 'SQLSTATE[HY093]: Invalid parameter number: no parameters were bound' in /home/ubuntu/workspace/cst352/final/practice/welcome.php:13
Stack trace:
#0 /home/ubuntu/workspace/cst352/final/practice/welcome.php(13): PDOStatement->execute()
#1 /home/ubuntu/workspace/cst352/final/practice/welcome.php(48): displayTime()
#2 {main}
  thrown in /home/ubuntu/workspace/cst352/final/practice/welcome.php on line 13
[15-Dec-2018 23:00:26 UTC] PHP Fatal error:  Uncaught exception 'PDOException' with message 'SQLSTATE[HY093]: Invalid parameter number: no parameters were bound' in /home/ubuntu/workspace/cst352/final/practice/welcome.php:13
Stack trace:
#0 /home/ubuntu/workspace/cst352/final/practice/welcome.php(13): PDOStatement->execute()
#1 /home/ubuntu/workspace/cst352/final/practice/welcome.php(48): displayTime()
#2 {main}
  thrown in /home/ubuntu/workspace/cst352/final/practice/welcome.php on line 13
[15-Dec-2018 23:05:43 UTC] PHP Fatal error:  Uncaught exception 'PDOException' with message 'SQLSTATE[HY093]: Invalid parameter number: no parameters were bound' in /home/ubuntu/workspace/cst352/final/practice/welcome.php:13
Stack trace:
#0 /home/ubuntu/workspace/cst352/final/practice/welcome.php(13): PDOStatement->execute()
#1 /home/ubuntu/workspace/cst352/final/practice/welcome.php(48): displayTime()
#2 {main}
  thrown in /home/ubuntu/workspace/cst352/final/practice/welcome.php on line 13
[15-Dec-2018 23:59:36 UTC] PHP Fatal error:  Uncaught exception 'PDOException' with message 'SQLSTATE[HY093]: Invalid parameter number: no parameters were bound' in /home/ubuntu/workspace/cst352/final/practice/welcome.php:13
Stack trace:
#0 /home/ubuntu/workspace/cst352/final/practice/welcome.php(13): PDOStatement->execute()
#1 /home/ubuntu/workspace/cst352/final/practice/welcome.php(48): displayTime()
#2 {main}
  thrown in /home/ubuntu/workspace/cst352/final/practice/welcome.php on line 13
