[06-Sep-2018 17:52:22 UTC] PHP Warning:  rand() expects parameter 1 to be long, string given in /home/ubuntu/workspace/cst352/labs/lab2/index.php on line 10
[06-Sep-2018 17:52:22 UTC] PHP Stack trace:
[06-Sep-2018 17:52:22 UTC] PHP   1. {main}() /home/ubuntu/workspace/cst352/labs/lab2/index.php:0
[06-Sep-2018 17:52:22 UTC] PHP   2. rand() /home/ubuntu/workspace/cst352/labs/lab2/index.php:10
[06-Sep-2018 17:52:24 UTC] PHP Warning:  rand() expects parameter 1 to be long, string given in /home/ubuntu/workspace/cst352/labs/lab2/index.php on line 10
[06-Sep-2018 17:52:24 UTC] PHP Stack trace:
[06-Sep-2018 17:52:24 UTC] PHP   1. {main}() /home/ubuntu/workspace/cst352/labs/lab2/index.php:0
[06-Sep-2018 17:52:24 UTC] PHP   2. rand() /home/ubuntu/workspace/cst352/labs/lab2/index.php:10
[06-Sep-2018 18:41:38 UTC] PHP Parse error:  syntax error, unexpected '{', expecting '(' in /home/ubuntu/workspace/cst352/labs/lab2/index.php on line 21
[11-Sep-2018 18:49:03 UTC] PHP Parse error:  syntax error, unexpected end of file in /home/ubuntu/workspace/cst352/labs/lab2/index.php on line 59
[11-Sep-2018 20:56:01 UTC] PHP Parse error:  syntax error, unexpected end of file in /home/ubuntu/workspace/cst352/labs/lab2/index.php on line 58
[13-Sep-2018 18:43:49 UTC] PHP Parse error:  syntax error, unexpected 'else' (T_ELSE) in /home/ubuntu/workspace/cst352/labs/lab2/index.php on line 50
[13-Sep-2018 18:45:29 UTC] PHP Parse error:  syntax error, unexpected 'else' (T_ELSE) in /home/ubuntu/workspace/cst352/labs/lab2/index.php on line 50
[13-Sep-2018 19:15:42 UTC] PHP Warning:  Missing argument 1 for displayPoints(), called in /home/ubuntu/workspace/cst352/labs/lab2/index.php on line 35 and defined in /home/ubuntu/workspace/cst352/labs/lab2/index.php on line 40
[13-Sep-2018 19:15:42 UTC] PHP Stack trace:
[13-Sep-2018 19:15:42 UTC] PHP   1. {main}() /home/ubuntu/workspace/cst352/labs/lab2/index.php:0
[13-Sep-2018 19:15:42 UTC] PHP   2. displayPoints() /home/ubuntu/workspace/cst352/labs/lab2/index.php:35
[13-Sep-2018 19:15:42 UTC] PHP Warning:  Missing argument 2 for displayPoints(), called in /home/ubuntu/workspace/cst352/labs/lab2/index.php on line 35 and defined in /home/ubuntu/workspace/cst352/labs/lab2/index.php on line 40
[13-Sep-2018 19:15:42 UTC] PHP Stack trace:
[13-Sep-2018 19:15:42 UTC] PHP   1. {main}() /home/ubuntu/workspace/cst352/labs/lab2/index.php:0
[13-Sep-2018 19:15:42 UTC] PHP   2. displayPoints() /home/ubuntu/workspace/cst352/labs/lab2/index.php:35
[13-Sep-2018 19:15:42 UTC] PHP Warning:  Missing argument 3 for displayPoints(), called in /home/ubuntu/workspace/cst352/labs/lab2/index.php on line 35 and defined in /home/ubuntu/workspace/cst352/labs/lab2/index.php on line 40
[13-Sep-2018 19:15:42 UTC] PHP Stack trace:
[13-Sep-2018 19:15:42 UTC] PHP   1. {main}() /home/ubuntu/workspace/cst352/labs/lab2/index.php:0
[13-Sep-2018 19:15:42 UTC] PHP   2. displayPoints() /home/ubuntu/workspace/cst352/labs/lab2/index.php:35
[13-Sep-2018 19:15:44 UTC] PHP Warning:  Missing argument 1 for displayPoints(), called in /home/ubuntu/workspace/cst352/labs/lab2/index.php on line 35 and defined in /home/ubuntu/workspace/cst352/labs/lab2/index.php on line 40
[13-Sep-2018 19:15:44 UTC] PHP Stack trace:
[13-Sep-2018 19:15:44 UTC] PHP   1. {main}() /home/ubuntu/workspace/cst352/labs/lab2/index.php:0
[13-Sep-2018 19:15:44 UTC] PHP   2. displayPoints() /home/ubuntu/workspace/cst352/labs/lab2/index.php:35
[13-Sep-2018 19:15:44 UTC] PHP Warning:  Missing argument 2 for displayPoints(), called in /home/ubuntu/workspace/cst352/labs/lab2/index.php on line 35 and defined in /home/ubuntu/workspace/cst352/labs/lab2/index.php on line 40
[13-Sep-2018 19:15:44 UTC] PHP Stack trace:
[13-Sep-2018 19:15:44 UTC] PHP   1. {main}() /home/ubuntu/workspace/cst352/labs/lab2/index.php:0
[13-Sep-2018 19:15:44 UTC] PHP   2. displayPoints() /home/ubuntu/workspace/cst352/labs/lab2/index.php:35
[13-Sep-2018 19:15:44 UTC] PHP Warning:  Missing argument 3 for displayPoints(), called in /home/ubuntu/workspace/cst352/labs/lab2/index.php on line 35 and defined in /home/ubuntu/workspace/cst352/labs/lab2/index.php on line 40
[13-Sep-2018 19:15:44 UTC] PHP Stack trace:
[13-Sep-2018 19:15:44 UTC] PHP   1. {main}() /home/ubuntu/workspace/cst352/labs/lab2/index.php:0
[13-Sep-2018 19:15:44 UTC] PHP   2. displayPoints() /home/ubuntu/workspace/cst352/labs/lab2/index.php:35
[13-Sep-2018 19:15:46 UTC] PHP Warning:  Missing argument 1 for displayPoints(), called in /home/ubuntu/workspace/cst352/labs/lab2/index.php on line 35 and defined in /home/ubuntu/workspace/cst352/labs/lab2/index.php on line 40
[13-Sep-2018 19:15:46 UTC] PHP Stack trace:
[13-Sep-2018 19:15:46 UTC] PHP   1. {main}() /home/ubuntu/workspace/cst352/labs/lab2/index.php:0
[13-Sep-2018 19:15:46 UTC] PHP   2. displayPoints() /home/ubuntu/workspace/cst352/labs/lab2/index.php:35
[13-Sep-2018 19:15:46 UTC] PHP Warning:  Missing argument 2 for displayPoints(), called in /home/ubuntu/workspace/cst352/labs/lab2/index.php on line 35 and defined in /home/ubuntu/workspace/cst352/labs/lab2/index.php on line 40
[13-Sep-2018 19:15:46 UTC] PHP Stack trace:
[13-Sep-2018 19:15:46 UTC] PHP   1. {main}() /home/ubuntu/workspace/cst352/labs/lab2/index.php:0
[13-Sep-2018 19:15:46 UTC] PHP   2. displayPoints() /home/ubuntu/workspace/cst352/labs/lab2/index.php:35
[13-Sep-2018 19:15:46 UTC] PHP Warning:  Missing argument 3 for displayPoints(), called in /home/ubuntu/workspace/cst352/labs/lab2/index.php on line 35 and defined in /home/ubuntu/workspace/cst352/labs/lab2/index.php on line 40
[13-Sep-2018 19:15:46 UTC] PHP Stack trace:
[13-Sep-2018 19:15:46 UTC] PHP   1. {main}() /home/ubuntu/workspace/cst352/labs/lab2/index.php:0
[13-Sep-2018 19:15:46 UTC] PHP   2. displayPoints() /home/ubuntu/workspace/cst352/labs/lab2/index.php:35
[13-Sep-2018 19:16:06 UTC] PHP Warning:  Missing argument 1 for displayPoints(), called in /home/ubuntu/workspace/cst352/labs/lab2/index.php on line 35 and defined in /home/ubuntu/workspace/cst352/labs/lab2/index.php on line 40
[13-Sep-2018 19:16:06 UTC] PHP Stack trace:
[13-Sep-2018 19:16:06 UTC] PHP   1. {main}() /home/ubuntu/workspace/cst352/labs/lab2/index.php:0
[13-Sep-2018 19:16:06 UTC] PHP   2. displayPoints() /home/ubuntu/workspace/cst352/labs/lab2/index.php:35
[13-Sep-2018 19:16:06 UTC] PHP Warning:  Missing argument 2 for displayPoints(), called in /home/ubuntu/workspace/cst352/labs/lab2/index.php on line 35 and defined in /home/ubuntu/workspace/cst352/labs/lab2/index.php on line 40
[13-Sep-2018 19:16:06 UTC] PHP Stack trace:
[13-Sep-2018 19:16:06 UTC] PHP   1. {main}() /home/ubuntu/workspace/cst352/labs/lab2/index.php:0
[13-Sep-2018 19:16:06 UTC] PHP   2. displayPoints() /home/ubuntu/workspace/cst352/labs/lab2/index.php:35
[13-Sep-2018 19:16:06 UTC] PHP Warning:  Missing argument 3 for displayPoints(), called in /home/ubuntu/workspace/cst352/labs/lab2/index.php on line 35 and defined in /home/ubuntu/workspace/cst352/labs/lab2/index.php on line 40
[13-Sep-2018 19:16:06 UTC] PHP Stack trace:
[13-Sep-2018 19:16:06 UTC] PHP   1. {main}() /home/ubuntu/workspace/cst352/labs/lab2/index.php:0
[13-Sep-2018 19:16:06 UTC] PHP   2. displayPoints() /home/ubuntu/workspace/cst352/labs/lab2/index.php:35
[13-Sep-2018 19:16:08 UTC] PHP Warning:  Missing argument 1 for displayPoints(), called in /home/ubuntu/workspace/cst352/labs/lab2/index.php on line 35 and defined in /home/ubuntu/workspace/cst352/labs/lab2/index.php on line 40
[13-Sep-2018 19:16:08 UTC] PHP Stack trace:
[13-Sep-2018 19:16:08 UTC] PHP   1. {main}() /home/ubuntu/workspace/cst352/labs/lab2/index.php:0
[13-Sep-2018 19:16:08 UTC] PHP   2. displayPoints() /home/ubuntu/workspace/cst352/labs/lab2/index.php:35
[13-Sep-2018 19:16:08 UTC] PHP Warning:  Missing argument 2 for displayPoints(), called in /home/ubuntu/workspace/cst352/labs/lab2/index.php on line 35 and defined in /home/ubuntu/workspace/cst352/labs/lab2/index.php on line 40
[13-Sep-2018 19:16:08 UTC] PHP Stack trace:
[13-Sep-2018 19:16:08 UTC] PHP   1. {main}() /home/ubuntu/workspace/cst352/labs/lab2/index.php:0
[13-Sep-2018 19:16:08 UTC] PHP   2. displayPoints() /home/ubuntu/workspace/cst352/labs/lab2/index.php:35
[13-Sep-2018 19:16:08 UTC] PHP Warning:  Missing argument 3 for displayPoints(), called in /home/ubuntu/workspace/cst352/labs/lab2/index.php on line 35 and defined in /home/ubuntu/workspace/cst352/labs/lab2/index.php on line 40
[13-Sep-2018 19:16:08 UTC] PHP Stack trace:
[13-Sep-2018 19:16:08 UTC] PHP   1. {main}() /home/ubuntu/workspace/cst352/labs/lab2/index.php:0
[13-Sep-2018 19:16:08 UTC] PHP   2. displayPoints() /home/ubuntu/workspace/cst352/labs/lab2/index.php:35
[13-Sep-2018 19:16:34 UTC] PHP Warning:  Missing argument 1 for displayPoints(), called in /home/ubuntu/workspace/cst352/labs/lab2/index.php on line 35 and defined in /home/ubuntu/workspace/cst352/labs/lab2/index.php on line 40
[13-Sep-2018 19:16:34 UTC] PHP Stack trace:
[13-Sep-2018 19:16:34 UTC] PHP   1. {main}() /home/ubuntu/workspace/cst352/labs/lab2/index.php:0
[13-Sep-2018 19:16:34 UTC] PHP   2. displayPoints() /home/ubuntu/workspace/cst352/labs/lab2/index.php:35
[13-Sep-2018 19:16:34 UTC] PHP Warning:  Missing argument 2 for displayPoints(), called in /home/ubuntu/workspace/cst352/labs/lab2/index.php on line 35 and defined in /home/ubuntu/workspace/cst352/labs/lab2/index.php on line 40
[13-Sep-2018 19:16:34 UTC] PHP Stack trace:
[13-Sep-2018 19:16:34 UTC] PHP   1. {main}() /home/ubuntu/workspace/cst352/labs/lab2/index.php:0
[13-Sep-2018 19:16:34 UTC] PHP   2. displayPoints() /home/ubuntu/workspace/cst352/labs/lab2/index.php:35
[13-Sep-2018 19:16:34 UTC] PHP Warning:  Missing argument 3 for displayPoints(), called in /home/ubuntu/workspace/cst352/labs/lab2/index.php on line 35 and defined in /home/ubuntu/workspace/cst352/labs/lab2/index.php on line 40
[13-Sep-2018 19:16:34 UTC] PHP Stack trace:
[13-Sep-2018 19:16:34 UTC] PHP   1. {main}() /home/ubuntu/workspace/cst352/labs/lab2/index.php:0
[13-Sep-2018 19:16:34 UTC] PHP   2. displayPoints() /home/ubuntu/workspace/cst352/labs/lab2/index.php:35
[13-Sep-2018 19:16:36 UTC] PHP Warning:  Missing argument 1 for displayPoints(), called in /home/ubuntu/workspace/cst352/labs/lab2/index.php on line 35 and defined in /home/ubuntu/workspace/cst352/labs/lab2/index.php on line 40
[13-Sep-2018 19:16:36 UTC] PHP Stack trace:
[13-Sep-2018 19:16:36 UTC] PHP   1. {main}() /home/ubuntu/workspace/cst352/labs/lab2/index.php:0
[13-Sep-2018 19:16:36 UTC] PHP   2. displayPoints() /home/ubuntu/workspace/cst352/labs/lab2/index.php:35
[13-Sep-2018 19:16:36 UTC] PHP Warning:  Missing argument 2 for displayPoints(), called in /home/ubuntu/workspace/cst352/labs/lab2/index.php on line 35 and defined in /home/ubuntu/workspace/cst352/labs/lab2/index.php on line 40
[13-Sep-2018 19:16:36 UTC] PHP Stack trace:
[13-Sep-2018 19:16:36 UTC] PHP   1. {main}() /home/ubuntu/workspace/cst352/labs/lab2/index.php:0
[13-Sep-2018 19:16:36 UTC] PHP   2. displayPoints() /home/ubuntu/workspace/cst352/labs/lab2/index.php:35
[13-Sep-2018 19:16:36 UTC] PHP Warning:  Missing argument 3 for displayPoints(), called in /home/ubuntu/workspace/cst352/labs/lab2/index.php on line 35 and defined in /home/ubuntu/workspace/cst352/labs/lab2/index.php on line 40
[13-Sep-2018 19:16:36 UTC] PHP Stack trace:
[13-Sep-2018 19:16:36 UTC] PHP   1. {main}() /home/ubuntu/workspace/cst352/labs/lab2/index.php:0
[13-Sep-2018 19:16:36 UTC] PHP   2. displayPoints() /home/ubuntu/workspace/cst352/labs/lab2/index.php:35
[15-Sep-2018 09:06:22 UTC] PHP Parse error:  syntax error, unexpected '*' in /home/ubuntu/workspace/cst352/labs/lab2/index.php on line 57
[15-Sep-2018 16:14:06 UTC] PHP Parse error:  syntax error, unexpected '{' in /home/ubuntu/workspace/cst352/labs/lab2/index.php on line 35
[15-Sep-2018 16:17:37 UTC] PHP Fatal error:  Call to undefined function displaySymbol() in /home/ubuntu/workspace/cst352/labs/lab2/index.php on line 73
[15-Sep-2018 16:17:37 UTC] PHP Stack trace:
[15-Sep-2018 16:17:37 UTC] PHP   1. {main}() /home/ubuntu/workspace/cst352/labs/lab2/index.php:0
[15-Sep-2018 16:17:45 UTC] PHP Fatal error:  Call to undefined function displaySymbol() in /home/ubuntu/workspace/cst352/labs/lab2/index.php on line 73
[15-Sep-2018 16:17:45 UTC] PHP Stack trace:
[15-Sep-2018 16:17:45 UTC] PHP   1. {main}() /home/ubuntu/workspace/cst352/labs/lab2/index.php:0
[15-Sep-2018 16:17:47 UTC] PHP Fatal error:  Call to undefined function displaySymbol() in /home/ubuntu/workspace/cst352/labs/lab2/index.php on line 73
[15-Sep-2018 16:17:47 UTC] PHP Stack trace:
[15-Sep-2018 16:17:47 UTC] PHP   1. {main}() /home/ubuntu/workspace/cst352/labs/lab2/index.php:0
